2025-02-02 13:08:05,412 - INFO - 🚀 Starting Zillow Scraper...
2025-02-02 13:08:05,880 - INFO - patching driver executable /Users/bera/Library/Application Support/undetected_chromedriver/undetected_chromedriver
2025-02-02 13:08:15,996 - INFO - ✅ Cookies loaded successfully.
2025-02-02 13:08:22,137 - INFO - ✅ Listings loaded successfully.
2025-02-02 13:08:22,137 - INFO - 🔄 Starting scrolling to load more listings...
2025-02-02 13:08:24,178 - INFO - ✅ No more new listings to load.
2025-02-02 13:08:24,178 - INFO - ✅ Scrolling complete.
2025-02-02 13:08:24,186 - INFO - ✅ Found 9 listings.
2025-02-02 13:08:24,275 - INFO - ✅ Scraped listing: 68 Madrone Ave, San Francisco, CA 94127 | Price: $2,495,000
2025-02-02 13:08:24,303 - INFO - ✅ Scraped listing: 2567 Union St, San Francisco, CA 94123 | Price: $19,995,000
2025-02-02 13:08:24,336 - INFO - ✅ Scraped listing: 2134 27th Ave, San Francisco, CA 94116 | Price: $999,000
2025-02-02 13:08:24,364 - INFO - ✅ Scraped listing: 135 Pinehurst Way, San Francisco, CA 94127 | Price: $1,295,000
2025-02-02 13:08:24,394 - INFO - ✅ Scraped listing: 2336 N Point St, San Francisco, CA 94123 | Price: $1,895,000
2025-02-02 13:08:24,424 - INFO - ✅ Scraped listing: 140 Marview Way, San Francisco, CA 94131 | Price: $1,895,000
2025-02-02 13:08:24,453 - INFO - ✅ Scraped listing: 2342 27th Ave, San Francisco, CA 94116 | Price: $1,295,000
2025-02-02 13:08:24,483 - INFO - ✅ Scraped listing: 3137 Washington St, San Francisco, CA 94115 | Price: $1,750,000
2025-02-02 13:08:24,514 - INFO - ✅ Scraped listing: 842 Moultrie St, San Francisco, CA 94110 | Price: $1,495,000
2025-02-02 13:08:24,722 - INFO - 🚪 WebDriver closed successfully.
2025-02-02 13:08:24,729 - INFO - ✅ Scraping complete! Data saved to '../data/zillow_data.csv'.
2025-02-02 13:16:26,530 - INFO - 🚀 Starting Zillow Scraper...
2025-02-02 13:16:27,086 - INFO - patching driver executable /Users/bera/Library/Application Support/undetected_chromedriver/undetected_chromedriver
2025-02-02 13:16:37,669 - INFO - ✅ Cookies loaded successfully.
2025-02-02 13:16:43,753 - INFO - ✅ Listings loaded successfully.
2025-02-02 13:16:43,753 - INFO - 🔄 Starting infinite scrolling to load all listings...
2025-02-02 13:16:47,912 - INFO - ✅ No more new listings to load.
2025-02-02 13:16:47,912 - INFO - ✅ Scrolling complete.
2025-02-02 13:16:47,919 - INFO - ✅ Found 9 listings.
2025-02-02 13:16:48,081 - INFO - ✅ Scraped listing: 68 Madrone Ave, San Francisco, CA 94127 | Price: $2,495,000 | Scraped at: 2025-02-02 13:16:48
2025-02-02 13:16:48,116 - INFO - ✅ Scraped listing: 2567 Union St, San Francisco, CA 94123 | Price: $19,995,000 | Scraped at: 2025-02-02 13:16:48
2025-02-02 13:16:48,152 - INFO - ✅ Scraped listing: 2134 27th Ave, San Francisco, CA 94116 | Price: $999,000 | Scraped at: 2025-02-02 13:16:48
2025-02-02 13:16:48,193 - INFO - ✅ Scraped listing: 135 Pinehurst Way, San Francisco, CA 94127 | Price: $1,295,000 | Scraped at: 2025-02-02 13:16:48
2025-02-02 13:16:48,227 - INFO - ✅ Scraped listing: 2336 N Point St, San Francisco, CA 94123 | Price: $1,895,000 | Scraped at: 2025-02-02 13:16:48
2025-02-02 13:16:48,259 - INFO - ✅ Scraped listing: 140 Marview Way, San Francisco, CA 94131 | Price: $1,895,000 | Scraped at: 2025-02-02 13:16:48
2025-02-02 13:16:48,289 - INFO - ✅ Scraped listing: 2342 27th Ave, San Francisco, CA 94116 | Price: $1,295,000 | Scraped at: 2025-02-02 13:16:48
2025-02-02 13:16:48,321 - INFO - ✅ Scraped listing: 3137 Washington St, San Francisco, CA 94115 | Price: $1,750,000 | Scraped at: 2025-02-02 13:16:48
2025-02-02 13:16:48,353 - INFO - ✅ Scraped listing: 842 Moultrie St, San Francisco, CA 94110 | Price: $1,495,000 | Scraped at: 2025-02-02 13:16:48
2025-02-02 13:16:48,688 - INFO - 🚪 WebDriver closed successfully.
2025-02-02 13:16:48,693 - INFO - ✅ Scraping complete! Data saved to '../data/zillow_data.csv'.
2025-02-02 13:22:48,459 - INFO - 🚀 Starting Zillow Scraper...
2025-02-02 13:22:48,990 - INFO - patching driver executable /Users/bera/Library/Application Support/undetected_chromedriver/undetected_chromedriver
2025-02-02 13:22:57,877 - INFO - ✅ Cookies loaded successfully.
2025-02-02 13:24:16,913 - INFO - 🚀 Starting Zillow Scraper...
2025-02-02 13:24:17,423 - INFO - patching driver executable /Users/bera/Library/Application Support/undetected_chromedriver/undetected_chromedriver
2025-02-02 13:24:26,468 - INFO - ✅ Cookies loaded successfully.
2025-02-02 13:24:32,532 - INFO - ✅ Listings loaded successfully.
2025-02-02 13:24:32,532 - INFO - 🔄 Starting deep scrolling to load all listings...
2025-02-02 13:24:34,758 - INFO - 🔄 Scroll 1: Loaded 9 listings so far.
2025-02-02 13:24:38,856 - INFO - ✅ No more new listings to load after 2 scrolls.
2025-02-02 13:24:38,856 - INFO - ✅ Scrolling complete. Total listings loaded: {previous_count}
2025-02-02 13:24:38,862 - INFO - ✅ Found 9 listings.
2025-02-02 13:24:38,916 - INFO - ✅ Scraped listing: 68 Madrone Ave, San Francisco, CA 94127 | Price: $2,495,000 | Scraped at: 2025-02-02 13:24:38
2025-02-02 13:24:38,954 - INFO - ✅ Scraped listing: 2567 Union St, San Francisco, CA 94123 | Price: $19,995,000 | Scraped at: 2025-02-02 13:24:38
2025-02-02 13:24:39,006 - INFO - ✅ Scraped listing: 2134 27th Ave, San Francisco, CA 94116 | Price: $999,000 | Scraped at: 2025-02-02 13:24:39
2025-02-02 13:24:39,043 - INFO - ✅ Scraped listing: 135 Pinehurst Way, San Francisco, CA 94127 | Price: $1,295,000 | Scraped at: 2025-02-02 13:24:39
2025-02-02 13:24:39,076 - INFO - ✅ Scraped listing: 2336 N Point St, San Francisco, CA 94123 | Price: $1,895,000 | Scraped at: 2025-02-02 13:24:39
2025-02-02 13:24:39,110 - INFO - ✅ Scraped listing: 140 Marview Way, San Francisco, CA 94131 | Price: $1,895,000 | Scraped at: 2025-02-02 13:24:39
2025-02-02 13:24:39,143 - INFO - ✅ Scraped listing: 2342 27th Ave, San Francisco, CA 94116 | Price: $1,295,000 | Scraped at: 2025-02-02 13:24:39
2025-02-02 13:24:39,176 - INFO - ✅ Scraped listing: 3137 Washington St, San Francisco, CA 94115 | Price: $1,750,000 | Scraped at: 2025-02-02 13:24:39
2025-02-02 13:24:39,209 - INFO - ✅ Scraped listing: 842 Moultrie St, San Francisco, CA 94110 | Price: $1,495,000 | Scraped at: 2025-02-02 13:24:39
2025-02-02 13:24:39,559 - INFO - 🚪 WebDriver closed successfully.
2025-02-02 13:24:39,566 - INFO - ✅ No new listings found. Data is up-to-date.
2025-02-02 13:24:39,566 - INFO - ✅ Scraping complete! Data saved to '../data/zillow_data.csv'.
2025-02-02 13:26:25,965 - INFO - 🚀 Starting Zillow Scraper...
2025-02-02 13:26:26,484 - INFO - patching driver executable /Users/bera/Library/Application Support/undetected_chromedriver/undetected_chromedriver
2025-02-02 13:26:36,515 - INFO - ✅ Cookies loaded successfully.
2025-02-02 13:26:42,750 - INFO - ✅ Listings loaded successfully.
2025-02-02 13:26:42,750 - INFO - 🔄 Starting deep scrolling to load all listings...
2025-02-02 13:26:45,555 - INFO - 🔄 Loaded 9 listings so far.
2025-02-02 13:26:48,399 - INFO - ✅ No more new listings after 9 results.
2025-02-02 13:26:48,399 - INFO - ✅ Scrolling complete. Total listings loaded: 9
2025-02-02 13:26:48,410 - INFO - ✅ Found 9 listings.
2025-02-02 13:26:48,488 - INFO - ✅ Scraped listing: 68 Madrone Ave, San Francisco, CA 94127 | Price: $2,495,000 | Scraped at: 2025-02-02 13:26:48
2025-02-02 13:26:48,513 - INFO - ✅ Scraped listing: 2567 Union St, San Francisco, CA 94123 | Price: $19,995,000 | Scraped at: 2025-02-02 13:26:48
2025-02-02 13:26:48,536 - INFO - ✅ Scraped listing: 2134 27th Ave, San Francisco, CA 94116 | Price: $999,000 | Scraped at: 2025-02-02 13:26:48
2025-02-02 13:26:48,560 - INFO - ✅ Scraped listing: 135 Pinehurst Way, San Francisco, CA 94127 | Price: $1,295,000 | Scraped at: 2025-02-02 13:26:48
2025-02-02 13:26:48,585 - INFO - ✅ Scraped listing: 2336 N Point St, San Francisco, CA 94123 | Price: $1,895,000 | Scraped at: 2025-02-02 13:26:48
2025-02-02 13:26:48,607 - INFO - ✅ Scraped listing: 140 Marview Way, San Francisco, CA 94131 | Price: $1,895,000 | Scraped at: 2025-02-02 13:26:48
2025-02-02 13:26:48,631 - INFO - ✅ Scraped listing: 2342 27th Ave, San Francisco, CA 94116 | Price: $1,295,000 | Scraped at: 2025-02-02 13:26:48
2025-02-02 13:26:48,668 - INFO - ✅ Scraped listing: 3137 Washington St, San Francisco, CA 94115 | Price: $1,750,000 | Scraped at: 2025-02-02 13:26:48
2025-02-02 13:26:48,693 - INFO - ✅ Scraped listing: 842 Moultrie St, San Francisco, CA 94110 | Price: $1,495,000 | Scraped at: 2025-02-02 13:26:48
2025-02-02 13:26:48,994 - INFO - 🚪 WebDriver closed successfully.
2025-02-02 13:26:48,998 - INFO - ✅ No new listings found. Data is up-to-date.
2025-02-02 13:26:48,998 - INFO - ✅ Scraping complete! Data saved to '../data/zillow_data.csv'.
2025-02-02 13:27:36,322 - INFO - 🚀 Starting Zillow Scraper...
2025-02-02 13:27:36,797 - INFO - patching driver executable /Users/bera/Library/Application Support/undetected_chromedriver/undetected_chromedriver
2025-02-02 13:27:45,471 - INFO - ✅ Cookies loaded successfully.
2025-02-02 13:27:51,820 - INFO - ✅ Listings loaded successfully.
2025-02-02 13:27:51,821 - INFO - 🔄 Starting deep scrolling to load all listings...
2025-02-02 13:27:56,260 - INFO - 🔄 Loaded 9 listings so far.
2025-02-02 13:27:58,471 - INFO - ✅ No more new listings after 9 results.
2025-02-02 13:27:58,471 - INFO - ✅ Scrolling complete. Total listings loaded: 9
2025-02-02 13:27:58,477 - INFO - ✅ Found 9 listings.
2025-02-02 13:27:58,515 - INFO - ✅ Scraped listing: 68 Madrone Ave, San Francisco, CA 94127 | Price: $2,495,000 | Scraped at: 2025-02-02 13:27:58
2025-02-02 13:27:58,542 - INFO - ✅ Scraped listing: 2567 Union St, San Francisco, CA 94123 | Price: $19,995,000 | Scraped at: 2025-02-02 13:27:58
2025-02-02 13:27:58,568 - INFO - ✅ Scraped listing: 2134 27th Ave, San Francisco, CA 94116 | Price: $999,000 | Scraped at: 2025-02-02 13:27:58
2025-02-02 13:27:58,593 - INFO - ✅ Scraped listing: 135 Pinehurst Way, San Francisco, CA 94127 | Price: $1,295,000 | Scraped at: 2025-02-02 13:27:58
2025-02-02 13:27:58,625 - INFO - ✅ Scraped listing: 2336 N Point St, San Francisco, CA 94123 | Price: $1,895,000 | Scraped at: 2025-02-02 13:27:58
2025-02-02 13:27:58,655 - INFO - ✅ Scraped listing: 140 Marview Way, San Francisco, CA 94131 | Price: $1,895,000 | Scraped at: 2025-02-02 13:27:58
2025-02-02 13:27:58,683 - INFO - ✅ Scraped listing: 2342 27th Ave, San Francisco, CA 94116 | Price: $1,295,000 | Scraped at: 2025-02-02 13:27:58
2025-02-02 13:27:58,715 - INFO - ✅ Scraped listing: 3137 Washington St, San Francisco, CA 94115 | Price: $1,750,000 | Scraped at: 2025-02-02 13:27:58
2025-02-02 13:27:58,745 - INFO - ✅ Scraped listing: 842 Moultrie St, San Francisco, CA 94110 | Price: $1,495,000 | Scraped at: 2025-02-02 13:27:58
2025-02-02 13:27:59,065 - INFO - 🚪 WebDriver closed successfully.
2025-02-02 13:27:59,070 - INFO - ✅ No new listings found. Data is up-to-date.
2025-02-02 13:27:59,070 - INFO - ✅ Scraping complete! Data saved to '../data/zillow_data.csv'.
2025-02-02 13:28:04,389 - INFO - 🚀 Starting Zillow Scraper...
2025-02-02 13:28:04,876 - INFO - patching driver executable /Users/bera/Library/Application Support/undetected_chromedriver/undetected_chromedriver
2025-02-02 13:28:15,215 - INFO - ✅ Cookies loaded successfully.
2025-02-02 13:28:21,283 - INFO - ✅ Listings loaded successfully.
2025-02-02 13:28:21,283 - INFO - 🔄 Starting deep scrolling to load all listings...
2025-02-02 13:28:25,476 - INFO - 🔄 Loaded 9 listings so far.
2025-02-02 13:28:27,981 - INFO - ✅ No more new listings after 9 results.
2025-02-02 13:28:27,981 - INFO - ✅ Scrolling complete. Total listings loaded: 9
2025-02-02 13:28:27,991 - INFO - ✅ Found 9 listings.
2025-02-02 13:28:28,049 - INFO - ✅ Scraped listing: 177 Benedict Rd, Staten Island, NY 10304 | Price: $18,000,000 | Scraped at: 2025-02-02 13:28:28
2025-02-02 13:28:28,096 - INFO - ✅ Scraped listing: 972 E 178th St #B, Bronx, NY 10460 | Price: $199,000 | Scraped at: 2025-02-02 13:28:28
2025-02-02 13:28:28,137 - INFO - ✅ Scraped listing: 100 W 57th St #17IH, New York, NY 10019 | Price: $475,000 | Scraped at: 2025-02-02 13:28:28
2025-02-02 13:28:28,175 - INFO - ✅ Scraped listing: 64 Garretson Ave, Staten Island, NY 10304 | Price: $799,999 | Scraped at: 2025-02-02 13:28:28
2025-02-02 13:28:28,211 - INFO - ✅ Scraped listing: 100 W 57th St APT 18G, Manhattan, NY 10019 | Price: $369,000 | Scraped at: 2025-02-02 13:28:28
2025-02-02 13:28:28,251 - INFO - ✅ Scraped listing: 115-30 116th St, South Ozone Park, NY 11420 | Price: $274,000 | Scraped at: 2025-02-02 13:28:28
2025-02-02 13:28:28,293 - INFO - ✅ Scraped listing: 217 W 57th St #127/128, New York, NY 10019 | Price: $150,000,000 | Scraped at: 2025-02-02 13:28:28
2025-02-02 13:28:28,330 - INFO - ✅ Scraped listing: 340 E 72nd St APT 1E, New York, NY 10021 | Price: $250,000 | Scraped at: 2025-02-02 13:28:28
2025-02-02 13:28:28,369 - INFO - ✅ Scraped listing: 116-49 167th Street, Queens Village South, NY 11434 | Price: $349,999 | Scraped at: 2025-02-02 13:28:28
2025-02-02 13:28:28,656 - INFO - 🚪 WebDriver closed successfully.
2025-02-02 13:28:28,660 - INFO - ✅ 9 new listings added.
2025-02-02 13:28:28,660 - INFO - ✅ Scraping complete! Data saved to '../data/zillow_data.csv'.
2025-02-02 13:31:00,048 - INFO - 🚀 Starting Zillow Scraper...
2025-02-02 13:31:00,562 - INFO - patching driver executable /Users/bera/Library/Application Support/undetected_chromedriver/undetected_chromedriver
2025-02-02 13:31:09,856 - INFO - ✅ Cookies loaded successfully.
2025-02-02 13:31:16,001 - INFO - ✅ Listings loaded successfully.
2025-02-02 13:31:16,015 - INFO - 🔄 Starting deep scrolling to load all listings...
2025-02-02 13:31:20,140 - INFO - 🔄 Scroll 1: Loaded 9 listings.
2025-02-02 13:31:22,685 - INFO - ✅ No more new listings after 9 results.
2025-02-02 13:31:22,685 - INFO - ✅ Scrolling complete. Total listings loaded: 9
2025-02-02 13:31:22,696 - INFO - ✅ Page 1: Found 9 listings.
2025-02-02 13:31:22,752 - INFO - ✅ Scraped listing: 177 Benedict Rd, Staten Island, NY 10304 | Price: $18,000,000 | Scraped at: 2025-02-02 13:31:22
2025-02-02 13:31:22,905 - INFO - ✅ Scraped listing: 972 E 178th St #B, Bronx, NY 10460 | Price: $199,000 | Scraped at: 2025-02-02 13:31:22
2025-02-02 13:31:22,933 - INFO - ✅ Scraped listing: 100 W 57th St #17IH, New York, NY 10019 | Price: $475,000 | Scraped at: 2025-02-02 13:31:22
2025-02-02 13:31:22,965 - INFO - ✅ Scraped listing: 64 Garretson Ave, Staten Island, NY 10304 | Price: $799,999 | Scraped at: 2025-02-02 13:31:22
2025-02-02 13:31:22,991 - INFO - ✅ Scraped listing: 100 W 57th St APT 18G, Manhattan, NY 10019 | Price: $369,000 | Scraped at: 2025-02-02 13:31:22
2025-02-02 13:31:23,017 - INFO - ✅ Scraped listing: 115-30 116th St, South Ozone Park, NY 11420 | Price: $274,000 | Scraped at: 2025-02-02 13:31:23
2025-02-02 13:31:23,043 - INFO - ✅ Scraped listing: 217 W 57th St #127/128, New York, NY 10019 | Price: $150,000,000 | Scraped at: 2025-02-02 13:31:23
2025-02-02 13:31:23,069 - INFO - ✅ Scraped listing: 340 E 72nd St APT 1E, New York, NY 10021 | Price: $250,000 | Scraped at: 2025-02-02 13:31:23
2025-02-02 13:31:23,098 - INFO - ✅ Scraped listing: 116-49 167th Street, Queens Village South, NY 11434 | Price: $349,999 | Scraped at: 2025-02-02 13:31:23
2025-02-02 13:31:26,280 - INFO - ✅ Clicked 'Next Page'.
2025-02-02 13:31:26,282 - INFO - 🔄 Starting deep scrolling to load all listings...
2025-02-02 13:31:29,756 - INFO - 🔄 Scroll 1: Loaded 9 listings.
2025-02-02 13:31:34,084 - INFO - ✅ No more new listings after 9 results.
2025-02-02 13:31:34,085 - INFO - ✅ Scrolling complete. Total listings loaded: 9
2025-02-02 13:31:34,095 - INFO - ✅ Page 2: Found 9 listings.
2025-02-02 13:31:34,147 - INFO - ✅ Scraped listing: 10 E 67th St, New York, NY 10065 | Price: $50,000,000 | Scraped at: 2025-02-02 13:31:34
2025-02-02 13:31:34,189 - INFO - ✅ Scraped listing: 112-19 34th Avenue #5D, Corona, NY 11368 | Price: $239,000 | Scraped at: 2025-02-02 13:31:34
2025-02-02 13:31:34,221 - INFO - ✅ Scraped listing: 94 Hamilton Ave, Staten Island, NY 10301 | Price: $507,100 | Scraped at: 2025-02-02 13:31:34
2025-02-02 13:31:34,254 - INFO - ✅ Scraped listing: 242-07 Hillside Avenue, Bellerose, NY 11426 | Price: $797,108 | Scraped at: 2025-02-02 13:31:34
2025-02-02 13:31:34,299 - INFO - ✅ Scraped listing: 217 W 57th St #126, New York, NY 10019 | Price: $65,000,000 | Scraped at: 2025-02-02 13:31:34
2025-02-02 13:31:34,343 - INFO - ✅ Scraped listing: 405 Winant Ave, Staten Island, NY 10309 | Price: $785,000 | Scraped at: 2025-02-02 13:31:34
2025-02-02 13:31:34,392 - INFO - ✅ Scraped listing: 131-36 132nd St, South Ozone Park, NY 11420 | Price: $290,000 | Scraped at: 2025-02-02 13:31:34
2025-02-02 13:31:34,421 - INFO - ✅ Scraped listing: 3426 209th Street, Bayside, NY 11361 | Price: $849,000 | Scraped at: 2025-02-02 13:31:34
2025-02-02 13:31:34,455 - INFO - ✅ Scraped listing: 12 Mill Rd #B, Staten Island, NY 10306 | Price: $829,000 | Scraped at: 2025-02-02 13:31:34
2025-02-02 13:31:39,921 - INFO - ✅ Clicked 'Next Page'.
2025-02-02 13:31:39,921 - INFO - 🔄 Starting deep scrolling to load all listings...
2025-02-02 13:31:43,782 - INFO - 🔄 Scroll 1: Loaded 9 listings.
2025-02-02 13:31:46,975 - INFO - ✅ No more new listings after 9 results.
2025-02-02 13:31:46,975 - INFO - ✅ Scrolling complete. Total listings loaded: 9
2025-02-02 13:31:46,980 - INFO - ✅ Page 3: Found 9 listings.
2025-02-02 13:31:47,018 - INFO - ✅ Scraped listing: 308 E 81st St, New York, NY 10028 | Price: $6,250,000 | Scraped at: 2025-02-02 13:31:47
2025-02-02 13:31:47,050 - INFO - ✅ Scraped listing: 84-70 129th St APT 6A, Kew Gardens, NY 11415 | Price: $299,000 | Scraped at: 2025-02-02 13:31:47
2025-02-02 13:31:47,083 - INFO - ✅ Scraped listing: 15 E 30th St UNIT PH60A, New York, NY 10016 | Price: $25,000,000 | Scraped at: 2025-02-02 13:31:47
2025-02-02 13:31:47,234 - INFO - ✅ Scraped listing: 130 William St UNIT PENTHOUSE 65, New York, NY 10038 | Price: $20,000,000 | Scraped at: 2025-02-02 13:31:47
2025-02-02 13:31:47,285 - INFO - ✅ Scraped listing: 948 Brooklyn Ave, Brooklyn, NY 11203 | Price: $799,000 | Scraped at: 2025-02-02 13:31:47
2025-02-02 13:31:47,320 - INFO - ✅ Scraped listing: 203 Pelton Ave, Staten Island, NY 10310 | Price: $699,999 | Scraped at: 2025-02-02 13:31:47
2025-02-02 13:31:47,354 - INFO - ✅ Scraped listing: 176 Camden Ave, Staten Island, NY 10309 | Price: $875,000 | Scraped at: 2025-02-02 13:31:47
2025-02-02 13:31:47,388 - INFO - ✅ Scraped listing: 155 Evergreen Ave, Brooklyn, NY 11221 | Price: $895,000 | Scraped at: 2025-02-02 13:31:47
2025-02-02 13:31:47,421 - INFO - ✅ Scraped listing: 18-35 Corporal Kennedy #L1, Bayside, NY 11360 | Price: $344,000 | Scraped at: 2025-02-02 13:31:47
2025-02-02 13:31:53,156 - INFO - ✅ Clicked 'Next Page'.
2025-02-02 13:31:53,157 - INFO - 🔄 Starting deep scrolling to load all listings...
2025-02-02 13:31:55,778 - INFO - 🔄 Scroll 1: Loaded 9 listings.
2025-02-02 13:31:59,280 - INFO - ✅ No more new listings after 9 results.
2025-02-02 13:31:59,280 - INFO - ✅ Scrolling complete. Total listings loaded: 9
2025-02-02 13:31:59,285 - INFO - ✅ Page 4: Found 9 listings.
2025-02-02 13:31:59,348 - INFO - ✅ Scraped listing: 277 Graff Ave, Bronx, NY 10465 | Price: $648,888 | Scraped at: 2025-02-02 13:31:59
2025-02-02 13:31:59,406 - INFO - ✅ Scraped listing: 60-62 67th Avenue, Ridgewood, NY 11385 | Price: $1,200,000 | Scraped at: 2025-02-02 13:31:59
2025-02-02 13:31:59,481 - INFO - ✅ Scraped listing: 311 E 25th St APT 6F, New York, NY 10010 | Price: $309,000 | Scraped at: 2025-02-02 13:31:59
2025-02-02 13:31:59,515 - INFO - ✅ Scraped listing: 663 Hendrix St, Brooklyn, NY 11207 | Price: $675,000 | Scraped at: 2025-02-02 13:31:59
2025-02-02 13:31:59,548 - INFO - ✅ Scraped listing: 2701 Goethals Rd N APT D11, Staten Island, NY 10303 | Price: $175,000 | Scraped at: 2025-02-02 13:31:59
2025-02-02 13:31:59,590 - INFO - ✅ Scraped listing: 21 Butler Pl APT 3C, Brooklyn, NY 11238 | Price: $595,000 | Scraped at: 2025-02-02 13:31:59
2025-02-02 13:31:59,677 - INFO - ✅ Scraped listing: 51 Tompkins Pl, Brooklyn, NY 11231 | Price: $12,795,000 | Scraped at: 2025-02-02 13:31:59
2025-02-02 13:31:59,748 - INFO - ✅ Scraped listing: 1430 Seagirt Boulevard #3S, Far Rockaway, NY 11691 | Price: $89,000 | Scraped at: 2025-02-02 13:31:59
2025-02-02 13:31:59,809 - INFO - ✅ Scraped listing: 45 Sleepy Hollow Rd, Staten Island, NY 10314 | Price: $1,475,000 | Scraped at: 2025-02-02 13:31:59
2025-02-02 13:32:04,480 - INFO - ✅ Clicked 'Next Page'.
2025-02-02 13:32:04,481 - INFO - 🔄 Starting deep scrolling to load all listings...
2025-02-02 13:32:08,190 - INFO - 🔄 Scroll 1: Loaded 9 listings.
2025-02-02 13:32:10,435 - INFO - ✅ No more new listings after 9 results.
2025-02-02 13:32:10,435 - INFO - ✅ Scrolling complete. Total listings loaded: 9
2025-02-02 13:32:10,441 - INFO - ✅ Page 5: Found 9 listings.
2025-02-02 13:32:10,476 - INFO - ✅ Scraped listing: 11138 168th St, Jamaica, NY 11433 | Price: $999,000 | Scraped at: 2025-02-02 13:32:10
2025-02-02 13:32:10,510 - INFO - ✅ Scraped listing: 357 W 29th St APT 3B, Manhattan, NY 10001 | Price: $795,000 | Scraped at: 2025-02-02 13:32:10
2025-02-02 13:32:10,543 - INFO - ✅ Scraped listing: 12 E 132nd St #B4, New York, NY 10037 | Price: $285,000 | Scraped at: 2025-02-02 13:32:10
2025-02-02 13:32:10,574 - INFO - ✅ Scraped listing: 90 Weaver St, Staten Island, NY 10312 | Price: $1,028,888 | Scraped at: 2025-02-02 13:32:10
2025-02-02 13:32:10,604 - INFO - ✅ Scraped listing: 781 5th Ave APT 1416, New York, NY 10022 | Price: $250,000 | Scraped at: 2025-02-02 13:32:10
2025-02-02 13:32:10,635 - INFO - ✅ Scraped listing: 1109 E 215th St, Bronx, NY 10469 | Price: $599,999 | Scraped at: 2025-02-02 13:32:10
2025-02-02 13:32:10,669 - INFO - ✅ Scraped listing: 3 E 85th St #5AB, New York, NY 10028 | Price: $2,180,000 | Scraped at: 2025-02-02 13:32:10
2025-02-02 13:32:10,704 - INFO - ✅ Scraped listing: 5433 Arnold Avenue, Maspeth, NY 11378 | Price: $999,888 | Scraped at: 2025-02-02 13:32:10
2025-02-02 13:32:10,737 - INFO - ✅ Scraped listing: 10 E 64th St, New York, NY 10065 | Price: $19,500,000 | Scraped at: 2025-02-02 13:32:10
2025-02-02 13:32:15,396 - INFO - ✅ Clicked 'Next Page'.
2025-02-02 13:32:15,396 - INFO - 🔄 Starting deep scrolling to load all listings...
2025-02-02 13:32:18,951 - INFO - 🔄 Scroll 1: Loaded 9 listings.
2025-02-02 13:32:21,051 - INFO - ✅ No more new listings after 9 results.
2025-02-02 13:32:21,051 - INFO - ✅ Scrolling complete. Total listings loaded: 9
2025-02-02 13:32:21,057 - INFO - ✅ Page 6: Found 9 listings.
2025-02-02 13:32:21,092 - INFO - ✅ Scraped listing: 1910 Pelham Parkway S #5C, Bronx, NY 10461 | Price: $265,500 | Scraped at: 2025-02-02 13:32:21
2025-02-02 13:32:21,127 - INFO - ✅ Scraped listing: 254-09 73rd Rd, Glen Oaks, NY 11004 | Price: $499,000 | Scraped at: 2025-02-02 13:32:21
2025-02-02 13:32:21,164 - INFO - ✅ Scraped listing: 11 Cranberry St, Brooklyn, NY 11201 | Price: $21,000,000 | Scraped at: 2025-02-02 13:32:21
2025-02-02 13:32:21,200 - INFO - ✅ Scraped listing: 82-16 34 Avenue #3E, Jackson Heights, NY 11372 | Price: $150,000 | Scraped at: 2025-02-02 13:32:21
2025-02-02 13:32:21,237 - INFO - ✅ Scraped listing: 59 E 72nd St APT 3C, New York, NY 10021 | Price: $685,000 | Scraped at: 2025-02-02 13:32:21
2025-02-02 13:32:21,269 - INFO - ✅ Scraped listing: 539 Van Siclen, Brooklyn, NY 11207 | Price: $450,000 | Scraped at: 2025-02-02 13:32:21
2025-02-02 13:32:21,300 - INFO - ✅ Scraped listing: 10264 188th Street, Hollis, NY 11423 | Price: $679,999 | Scraped at: 2025-02-02 13:32:21
2025-02-02 13:32:21,330 - INFO - ✅ Scraped listing: 20415 Foothill Ave APT B10, Jamaica, NY 11423 | Price: $150,000 | Scraped at: 2025-02-02 13:32:21
2025-02-02 13:32:21,363 - INFO - ✅ Scraped listing: 420 E 51st St APT 8D, New York, NY 10022 | Price: $550,000 | Scraped at: 2025-02-02 13:32:21
2025-02-02 13:32:25,978 - INFO - ✅ Clicked 'Next Page'.
2025-02-02 13:32:25,978 - INFO - 🔄 Starting deep scrolling to load all listings...
2025-02-02 13:32:29,573 - INFO - 🔄 Scroll 1: Loaded 9 listings.
2025-02-02 13:32:32,853 - INFO - ✅ No more new listings after 9 results.
2025-02-02 13:32:32,853 - INFO - ✅ Scrolling complete. Total listings loaded: 9
2025-02-02 13:32:32,871 - INFO - ✅ Page 7: Found 9 listings.
2025-02-02 13:32:32,916 - INFO - ✅ Scraped listing: 1910 Pelham Parkway S #5C, Bronx, NY 10461 | Price: $265,500 | Scraped at: 2025-02-02 13:32:32
2025-02-02 13:32:32,948 - INFO - ✅ Scraped listing: 254-09 73rd Rd, Glen Oaks, NY 11004 | Price: $499,000 | Scraped at: 2025-02-02 13:32:32
2025-02-02 13:32:32,978 - INFO - ✅ Scraped listing: 11 Cranberry St, Brooklyn, NY 11201 | Price: $21,000,000 | Scraped at: 2025-02-02 13:32:32
2025-02-02 13:32:33,011 - INFO - ✅ Scraped listing: 82-16 34 Avenue #3E, Jackson Heights, NY 11372 | Price: $150,000 | Scraped at: 2025-02-02 13:32:33
2025-02-02 13:32:33,053 - INFO - ✅ Scraped listing: 59 E 72nd St APT 3C, New York, NY 10021 | Price: $685,000 | Scraped at: 2025-02-02 13:32:33
2025-02-02 13:32:33,113 - INFO - ✅ Scraped listing: 539 Van Siclen, Brooklyn, NY 11207 | Price: $450,000 | Scraped at: 2025-02-02 13:32:33
2025-02-02 13:32:33,143 - INFO - ✅ Scraped listing: 10264 188th Street, Hollis, NY 11423 | Price: $679,999 | Scraped at: 2025-02-02 13:32:33
2025-02-02 13:32:33,172 - INFO - ✅ Scraped listing: 20415 Foothill Ave APT B10, Jamaica, NY 11423 | Price: $150,000 | Scraped at: 2025-02-02 13:32:33
2025-02-02 13:32:33,201 - INFO - ✅ Scraped listing: 420 E 51st St APT 8D, New York, NY 10022 | Price: $550,000 | Scraped at: 2025-02-02 13:32:33
2025-02-02 13:32:38,165 - INFO - ✅ Clicked 'Next Page'.
2025-02-02 13:32:38,166 - INFO - 🔄 Starting deep scrolling to load all listings...
2025-02-02 13:32:42,504 - INFO - 🔄 Scroll 1: Loaded 9 listings.
2025-02-02 13:32:45,261 - INFO - ✅ No more new listings after 9 results.
2025-02-02 13:32:45,261 - INFO - ✅ Scrolling complete. Total listings loaded: 9
2025-02-02 13:32:45,268 - INFO - ✅ Page 8: Found 9 listings.
2025-02-02 13:32:45,303 - INFO - ✅ Scraped listing: 1910 Pelham Parkway S #5C, Bronx, NY 10461 | Price: $265,500 | Scraped at: 2025-02-02 13:32:45
2025-02-02 13:32:45,339 - INFO - ✅ Scraped listing: 254-09 73rd Rd, Glen Oaks, NY 11004 | Price: $499,000 | Scraped at: 2025-02-02 13:32:45
2025-02-02 13:32:45,375 - INFO - ✅ Scraped listing: 11 Cranberry St, Brooklyn, NY 11201 | Price: $21,000,000 | Scraped at: 2025-02-02 13:32:45
2025-02-02 13:32:45,410 - INFO - ✅ Scraped listing: 82-16 34 Avenue #3E, Jackson Heights, NY 11372 | Price: $150,000 | Scraped at: 2025-02-02 13:32:45
2025-02-02 13:32:45,442 - INFO - ✅ Scraped listing: 59 E 72nd St APT 3C, New York, NY 10021 | Price: $685,000 | Scraped at: 2025-02-02 13:32:45
2025-02-02 13:32:45,472 - INFO - ✅ Scraped listing: 539 Van Siclen, Brooklyn, NY 11207 | Price: $450,000 | Scraped at: 2025-02-02 13:32:45
2025-02-02 13:32:45,503 - INFO - ✅ Scraped listing: 10264 188th Street, Hollis, NY 11423 | Price: $679,999 | Scraped at: 2025-02-02 13:32:45
2025-02-02 13:32:45,534 - INFO - ✅ Scraped listing: 20415 Foothill Ave APT B10, Jamaica, NY 11423 | Price: $150,000 | Scraped at: 2025-02-02 13:32:45
2025-02-02 13:32:45,563 - INFO - ✅ Scraped listing: 420 E 51st St APT 8D, New York, NY 10022 | Price: $550,000 | Scraped at: 2025-02-02 13:32:45
2025-02-02 13:32:51,203 - INFO - ✅ Clicked 'Next Page'.
2025-02-02 13:32:51,203 - INFO - 🔄 Starting deep scrolling to load all listings...
2025-02-02 13:32:53,944 - INFO - 🔄 Scroll 1: Loaded 9 listings.
2025-02-02 13:32:57,379 - INFO - ✅ No more new listings after 9 results.
2025-02-02 13:32:57,380 - INFO - ✅ Scrolling complete. Total listings loaded: 9
2025-02-02 13:32:57,389 - INFO - ✅ Page 9: Found 9 listings.
2025-02-02 13:32:57,437 - INFO - ✅ Scraped listing: 1910 Pelham Parkway S #5C, Bronx, NY 10461 | Price: $265,500 | Scraped at: 2025-02-02 13:32:57
2025-02-02 13:32:57,470 - INFO - ✅ Scraped listing: 254-09 73rd Rd, Glen Oaks, NY 11004 | Price: $499,000 | Scraped at: 2025-02-02 13:32:57
2025-02-02 13:32:57,502 - INFO - ✅ Scraped listing: 11 Cranberry St, Brooklyn, NY 11201 | Price: $21,000,000 | Scraped at: 2025-02-02 13:32:57
2025-02-02 13:32:57,534 - INFO - ✅ Scraped listing: 82-16 34 Avenue #3E, Jackson Heights, NY 11372 | Price: $150,000 | Scraped at: 2025-02-02 13:32:57
2025-02-02 13:32:57,565 - INFO - ✅ Scraped listing: 59 E 72nd St APT 3C, New York, NY 10021 | Price: $685,000 | Scraped at: 2025-02-02 13:32:57
2025-02-02 13:32:57,596 - INFO - ✅ Scraped listing: 539 Van Siclen, Brooklyn, NY 11207 | Price: $450,000 | Scraped at: 2025-02-02 13:32:57
2025-02-02 13:32:57,629 - INFO - ✅ Scraped listing: 10264 188th Street, Hollis, NY 11423 | Price: $679,999 | Scraped at: 2025-02-02 13:32:57
2025-02-02 13:32:57,677 - INFO - ✅ Scraped listing: 20415 Foothill Ave APT B10, Jamaica, NY 11423 | Price: $150,000 | Scraped at: 2025-02-02 13:32:57
2025-02-02 13:32:57,728 - INFO - ✅ Scraped listing: 420 E 51st St APT 8D, New York, NY 10022 | Price: $550,000 | Scraped at: 2025-02-02 13:32:57
2025-02-02 13:33:01,618 - INFO - ✅ Clicked 'Next Page'.
2025-02-02 13:33:01,618 - INFO - 🔄 Starting deep scrolling to load all listings...
2025-02-02 13:33:06,289 - INFO - 🔄 Scroll 1: Loaded 9 listings.
2025-02-02 13:33:08,564 - INFO - ✅ No more new listings after 9 results.
2025-02-02 13:33:08,565 - INFO - ✅ Scrolling complete. Total listings loaded: 9
2025-02-02 13:33:08,572 - INFO - ✅ Page 10: Found 9 listings.
2025-02-02 13:33:08,617 - INFO - ✅ Scraped listing: 1910 Pelham Parkway S #5C, Bronx, NY 10461 | Price: $265,500 | Scraped at: 2025-02-02 13:33:08
2025-02-02 13:33:08,665 - INFO - ✅ Scraped listing: 254-09 73rd Rd, Glen Oaks, NY 11004 | Price: $499,000 | Scraped at: 2025-02-02 13:33:08
2025-02-02 13:33:08,697 - INFO - ✅ Scraped listing: 11 Cranberry St, Brooklyn, NY 11201 | Price: $21,000,000 | Scraped at: 2025-02-02 13:33:08
2025-02-02 13:33:08,726 - INFO - ✅ Scraped listing: 82-16 34 Avenue #3E, Jackson Heights, NY 11372 | Price: $150,000 | Scraped at: 2025-02-02 13:33:08
2025-02-02 13:33:08,757 - INFO - ✅ Scraped listing: 59 E 72nd St APT 3C, New York, NY 10021 | Price: $685,000 | Scraped at: 2025-02-02 13:33:08
2025-02-02 13:33:09,430 - INFO - ✅ Scraped listing: 539 Van Siclen, Brooklyn, NY 11207 | Price: $450,000 | Scraped at: 2025-02-02 13:33:09
2025-02-02 13:33:09,691 - INFO - ✅ Scraped listing: 10264 188th Street, Hollis, NY 11423 | Price: $679,999 | Scraped at: 2025-02-02 13:33:09
2025-02-02 13:33:09,725 - INFO - ✅ Scraped listing: 20415 Foothill Ave APT B10, Jamaica, NY 11423 | Price: $150,000 | Scraped at: 2025-02-02 13:33:09
2025-02-02 13:33:09,759 - INFO - ✅ Scraped listing: 420 E 51st St APT 8D, New York, NY 10022 | Price: $550,000 | Scraped at: 2025-02-02 13:33:09
2025-02-02 13:33:10,789 - INFO - ✅ No more pages found.
2025-02-02 13:33:11,195 - INFO - 🚪 WebDriver closed successfully.
2025-02-02 13:33:11,206 - INFO - ✅ 81 new listings added.
2025-02-02 13:33:11,206 - INFO - ✅ Scraping complete! Data saved to '../data/zillow_data.csv'.
